<?xml version="1.0" encoding="UTF-8"?>
<!-- Generated by org.testng.reporters.JUnitReportReporter -->
<testsuite hostname="SIPL92" failures="0" tests="1" name="RW500PKG.RW500PKGSMOKE" time="295.627" errors="0" timestamp="2022-06-28T19:28:54 IST" skipped="0">
  <testcase classname="RW500PKG.RW500PKGSMOKE" name="rw500PCKG" time="295.627"/>
  <system-out/>
</testsuite> <!-- RW500PKG.RW500PKGSMOKE -->
