<?xml version="1.0" encoding="UTF-8"?>
<!-- Generated by org.testng.reporters.JUnitReportReporter -->
<testsuite hostname="SIPL92" failures="0" tests="1" name="RW500PKG.RW500PKGSMOKE" time="294.268" errors="0" timestamp="6 Jun 2022 06:20:29 GMT">
  <testcase classname="RW500PKG.RW500PKGSMOKE" name="rw500PCKG" time="294.268"/>
</testsuite> <!-- RW500PKG.RW500PKGSMOKE -->
