<?xml version="1.0" encoding="UTF-8"?>
<!-- Generated by org.testng.reporters.JUnitReportReporter -->
<testsuite hostname="SIPL92" failures="0" tests="1" name="RW500PKG.RW500PKGSMOKE" time="666.806" errors="0" timestamp="2022-07-13T11:20:47 IST" skipped="0">
  <testcase classname="RW500PKG.RW500PKGSMOKE" name="rw500PCKG" time="666.806"/>
  <system-out/>
</testsuite> <!-- RW500PKG.RW500PKGSMOKE -->
