<?xml version="1.0" encoding="UTF-8"?>
<!-- Generated by org.testng.reporters.JUnitReportReporter -->
<testsuite hostname="SIPL92" failures="0" tests="1" name="RW500PKG.RW500PKGSMOKE" time="300.102" errors="0" timestamp="2022-03-30T16:54:04 IST" skipped="0">
  <testcase classname="RW500PKG.RW500PKGSMOKE" name="rw500PCKG" time="300.102"/>
  <system-out/>
</testsuite> <!-- RW500PKG.RW500PKGSMOKE -->
